0 info it worked if it ends with ok
1 verbose cli [ '/usr/local/Cellar/node/6.2.0/bin/node',
1 verbose cli   '/usr/local/bin/npm',
1 verbose cli   'run',
1 verbose cli   'node' ]
2 info using npm@3.8.9
3 info using node@v6.2.0
4 verbose run-script [ 'prenode', 'node', 'postnode' ]
5 info lifecycle merode@0.0.1~prenode: merode@0.0.1
6 silly lifecycle merode@0.0.1~prenode: no script for prenode, continuing
7 info lifecycle merode@0.0.1~node: merode@0.0.1
8 verbose lifecycle merode@0.0.1~node: unsafe-perm in lifecycle true
9 verbose lifecycle merode@0.0.1~node: PATH: /usr/local/lib/node_modules/npm/bin/node-gyp-bin:/Users/geoffrey/Dev/merode/node_modules/.bin:/usr/local/Cellar/node/6.2.0/bin:/usr/local/lib/node_modules/npm/bin/node-gyp-bin:/Users/geoffrey/Dev/merode/node_modules/.bin:/usr/local/Cellar/node/6.2.0/bin:/usr/local/bin:/usr/bin:/bin:/usr/sbin:/sbin:/usr/local/share/dotnet
10 verbose lifecycle merode@0.0.1~node: CWD: /Users/geoffrey/Dev/merode
11 silly lifecycle merode@0.0.1~node: Args: [ '-c', 'node ./index.js' ]
12 silly lifecycle merode@0.0.1~node: Returned: code: 1  signal: null
13 info lifecycle merode@0.0.1~node: Failed to exec node script
14 verbose stack Error: merode@0.0.1 node: `node ./index.js`
14 verbose stack Exit status 1
14 verbose stack     at EventEmitter.<anonymous> (/usr/local/lib/node_modules/npm/lib/utils/lifecycle.js:245:16)
14 verbose stack     at emitTwo (events.js:106:13)
14 verbose stack     at EventEmitter.emit (events.js:191:7)
14 verbose stack     at ChildProcess.<anonymous> (/usr/local/lib/node_modules/npm/lib/utils/spawn.js:24:14)
14 verbose stack     at emitTwo (events.js:106:13)
14 verbose stack     at ChildProcess.emit (events.js:191:7)
14 verbose stack     at maybeClose (internal/child_process.js:850:16)
14 verbose stack     at Process.ChildProcess._handle.onexit (internal/child_process.js:215:5)
15 verbose pkgid merode@0.0.1
16 verbose cwd /Users/geoffrey/Dev/merode
17 error Darwin 15.5.0
18 error argv "/usr/local/Cellar/node/6.2.0/bin/node" "/usr/local/bin/npm" "run" "node"
19 error node v6.2.0
20 error npm  v3.8.9
21 error code ELIFECYCLE
22 error merode@0.0.1 node: `node ./index.js`
22 error Exit status 1
23 error Failed at the merode@0.0.1 node script 'node ./index.js'.
23 error Make sure you have the latest version of node.js and npm installed.
23 error If you do, this is most likely a problem with the merode package,
23 error not with npm itself.
23 error Tell the author that this fails on your system:
23 error     node ./index.js
23 error You can get information on how to open an issue for this project with:
23 error     npm bugs merode
23 error Or if that isn't available, you can get their info via:
23 error     npm owner ls merode
23 error There is likely additional logging output above.
24 verbose exit [ 1, true ]
